Using pre-set license

 COMMAND LINE ARGUMENTS:
/Applications/Unity/Hub/Editor/2020.3.16f1/Unity.app/Contents/MacOS/Unity
-adb2
-batchMode
-noUpm
-name
AssetImportWorker0
-projectPath
/Users/ema/Desktop/DataPersistanceProject/EndlessRunner
-logFile
Logs/AssetImportWorker0.log
-srvPort
51730
Successfully changed project path to: /Users/ema/Desktop/DataPersistanceProject/EndlessRunner
/Users/ema/Desktop/DataPersistanceProject/EndlessRunner
Using Asset Import Pipeline V2.
Refreshing native plugins compatible for Editor in 62.24 ms, found 2 plugins.
Preloading 0 native plugins for Editor in 0.00 ms.
Initialize engine version: 2020.3.16f1 (049d6eca3c44)
[Subsystems] Discovering subsystems at path /Applications/Unity/Hub/Editor/2020.3.16f1/Unity.app/Contents/Resources/UnitySubsystems
[Subsystems] Discovering subsystems at path /Users/ema/Desktop/DataPersistanceProject/EndlessRunner/Assets
GfxDevice: creating device client; threaded=0
2021-09-11 17:04:04.003 Unity[36449:1621702] Color LCD preferred device: Intel(R) Iris(TM) Graphics 6000 (low power)
2021-09-11 17:04:04.003 Unity[36449:1621702] Metal devices available: 1
2021-09-11 17:04:04.003 Unity[36449:1621702] 0: Intel(R) Iris(TM) Graphics 6000 (low power)
2021-09-11 17:04:04.004 Unity[36449:1621702] Using device Intel(R) Iris(TM) Graphics 6000 (low power)
Initializing Metal device caps: Intel(R) Iris(TM) Graphics 6000
Initialize mono
Mono path[0] = '/Applications/Unity/Hub/Editor/2020.3.16f1/Unity.app/Contents/Managed'
Mono path[1] = '/Applications/Unity/Hub/Editor/2020.3.16f1/Unity.app/Contents/MonoBleedingEdge/lib/mono/unityjit'
Mono config path = '/Applications/Unity/Hub/Editor/2020.3.16f1/Unity.app/Contents/MonoBleedingEdge/etc'
Using monoOptions --debugger-agent=transport=dt_socket,embedding=1,server=y,suspend=n,address=127.0.0.1:56449
Begin MonoManager ReloadAssembly
Registering precompiled unity dll's ...
Register platform support module: /Applications/Unity/Hub/Editor/2020.3.16f1/PlaybackEngines/WebGLSupport/UnityEditor.WebGL.Extensions.dll
Register platform support module: /Applications/Unity/Hub/Editor/2020.3.16f1/Unity.app/Contents/PlaybackEngines/MacStandaloneSupport/UnityEditor.OSXStandalone.Extensions.dll
Registered in 0.004749 seconds.
Native extension for OSXStandalone target not found
Native extension for WebGL target not found
Refreshing native plugins compatible for Editor in 41.69 ms, found 2 plugins.
Preloading 0 native plugins for Editor in 0.00 ms.
Mono: successfully reloaded assembly
- Completed reload, in 10.327 seconds
Domain Reload Profiling:
	ReloadAssembly (10327ms)
		BeginReloadAssembly (72ms)
			ExecutionOrderSort (0ms)
			DisableScriptedObjects (0ms)
			BackupInstance (0ms)
			ReleaseScriptingObjects (0ms)
			CreateAndSetChildDomain (1ms)
		EndReloadAssembly (761ms)
			LoadAssemblies (80ms)
			RebuildTransferFunctionScriptingTraits (0ms)
			SetupTypeCache (286ms)
			ReleaseScriptCaches (0ms)
			RebuildScriptCaches (68ms)
			SetupLoadedEditorAssemblies (307ms)
				LogAssemblyErrors (0ms)
				InitializePlatformSupportModulesInManaged (7ms)
				SetLoadedEditorAssemblies (0ms)
				RefreshPlugins (42ms)
				BeforeProcessingInitializeOnLoad (49ms)
				ProcessInitializeOnLoadAttributes (157ms)
				ProcessInitializeOnLoadMethodAttributes (51ms)
				AfterProcessingInitializeOnLoad (0ms)
				EditorAssembliesLoaded (0ms)
			ExecutionOrderSort2 (0ms)
			AwakeInstancesAfterBackupRestoration (0ms)
Platform modules already initialized, skipping
Registering precompiled user dll's ...
Registered in 0.014880 seconds.
Begin MonoManager ReloadAssembly
Native extension for OSXStandalone target not found
Native extension for WebGL target not found
Refreshing native plugins compatible for Editor in 0.44 ms, found 2 plugins.
Preloading 0 native plugins for Editor in 0.00 ms.
Mono: successfully reloaded assembly
- Completed reload, in  1.985 seconds
Domain Reload Profiling:
	ReloadAssembly (1990ms)
		BeginReloadAssembly (285ms)
			ExecutionOrderSort (0ms)
			DisableScriptedObjects (8ms)
			BackupInstance (0ms)
			ReleaseScriptingObjects (0ms)
			CreateAndSetChildDomain (57ms)
		EndReloadAssembly (1603ms)
			LoadAssemblies (178ms)
			RebuildTransferFunctionScriptingTraits (0ms)
			SetupTypeCache (469ms)
			ReleaseScriptCaches (0ms)
			RebuildScriptCaches (74ms)
			SetupLoadedEditorAssemblies (671ms)
				LogAssemblyErrors (0ms)
				InitializePlatformSupportModulesInManaged (8ms)
				SetLoadedEditorAssemblies (1ms)
				RefreshPlugins (2ms)
				BeforeProcessingInitializeOnLoad (100ms)
				ProcessInitializeOnLoadAttributes (552ms)
				ProcessInitializeOnLoadMethodAttributes (6ms)
				AfterProcessingInitializeOnLoad (2ms)
				EditorAssembliesLoaded (0ms)
			ExecutionOrderSort2 (0ms)
			AwakeInstancesAfterBackupRestoration (28ms)
Platform modules already initialized, skipping
========================================================================
Worker process is ready to serve import requests
Launching external process: /Applications/Unity/Hub/Editor/2020.3.16f1/Unity.app/Contents/Tools/UnityShaderCompiler
Launched and connected shader compiler UnityShaderCompiler after 0.05 seconds
Refreshing native plugins compatible for Editor in 0.37 ms, found 2 plugins.
Preloading 0 native plugins for Editor in 0.00 ms.
Unloading 1398 Unused Serialized files (Serialized files now loaded: 0)
System memory in use before: 140.3 MB.
System memory in use after: 140.4 MB.

Unloading 18 unused Assets to reduce memory usage. Loaded Objects now: 1831.
Total: 4.684692 ms (FindLiveObjects: 0.223782 ms CreateObjectMapping: 0.051717 ms MarkObjects: 4.303342 ms  DeleteObjects: 0.103988 ms)

AssetImportParameters requested are different than current active one (requested -> active):
  custom:video-decoder-ogg-theora: a1e56fd34408186e4bbccfd4996cb3dc -> 
  custom:container-muxer-webm: aa71ff27fc2769a1b78a27578f13a17b -> 
  custom:container-demuxer-webm: 4f35f7cbe854078d1ac9338744f61a02 -> 
  custom:container-demuxer-ogg: 62fdf1f143b41e24485cea50d1cbac27 -> 
  custom:video-encoder-webm-vp8: eb34c28f22e8b96e1ab97ce403110664 -> 
  custom:framework-osx-AVFoundation: e770b220cccbd017edd2c1fefb359320 -> 
  custom:video-decoder-webm-vp8: 9c59270c3fd7afecdb556c50c9e8de78 -> 
  custom:audio-decoder-ogg-vorbis: bf7c407c2cedff20999df2af8eb42d56 -> 
  custom:audio-encoder-webm-vorbis: bf7c407c2cedff20999df2af8eb42d56 -> 
========================================================================
Received Import Request.
  path: Assets/Scenes/Prototype 3.unity
  artifactKey: Guid(dc8c9f3efd746429fa6f9482dc779492) Importer(815301076,1909f56bfc062723c751e8b465ee728b)
Start importing Assets/Scenes/Prototype 3.unity using Guid(dc8c9f3efd746429fa6f9482dc779492) Importer(815301076,1909f56bfc062723c751e8b465ee728b)  -> (artifact id: 'd7dd14c4e4600013baab9ba6609c26b2') in 0.028328 seconds 
  Import took 0.034385 seconds .

========================================================================
Received Import Request.
  Time since last request: 0.000335 seconds.
  path: Assets/Scenes/Menu.unity
  artifactKey: Guid(9fc0d4010bbf28b4594072e72b8655ab) Importer(815301076,1909f56bfc062723c751e8b465ee728b)
Start importing Assets/Scenes/Menu.unity using Guid(9fc0d4010bbf28b4594072e72b8655ab) Importer(815301076,1909f56bfc062723c751e8b465ee728b)  -> (artifact id: 'bf1b178b59ac682185fe910660ae9a81') in 0.002419 seconds 
  Import took 0.005908 seconds .

========================================================================
Received Import Request.
  Time since last request: 37.537094 seconds.
  path: Assets/Course Library/_Source_Files/Textures/Signs_00.png
  artifactKey: Guid(c050c2762aa6b874bac5c0b0c224bc9f) Importer(815301076,1909f56bfc062723c751e8b465ee728b)
Start importing Assets/Course Library/_Source_Files/Textures/Signs_00.png using Guid(c050c2762aa6b874bac5c0b0c224bc9f) Importer(815301076,1909f56bfc062723c751e8b465ee728b)  -> (artifact id: '20b432b6126df81da2d3fa1abb87238e') in 3.282206 seconds 
  Import took 3.290488 seconds .

========================================================================
Received Import Request.
  Time since last request: 0.000552 seconds.
  path: Assets/Course Library/_Source_Files/Textures/SimpleFarmer_Farmer_Black.png
  artifactKey: Guid(8fddee26d7af656469060882f739f16a) Importer(815301076,1909f56bfc062723c751e8b465ee728b)
Start importing Assets/Course Library/_Source_Files/Textures/SimpleFarmer_Farmer_Black.png using Guid(8fddee26d7af656469060882f739f16a) Importer(815301076,1909f56bfc062723c751e8b465ee728b)  -> (artifact id: '6543dfe6eb73d80a1b61ef818a15cf6f') in 0.036115 seconds 
  Import took 0.042274 seconds .

========================================================================
Received Import Request.
  Time since last request: 1.453867 seconds.
  path: Assets/Course Library/_Source_Files/Materials/UnlitVertexColour_Alpha.shader
  artifactKey: Guid(125f31ba4cdefb2469a075f509877b02) Importer(815301076,1909f56bfc062723c751e8b465ee728b)
Start importing Assets/Course Library/_Source_Files/Materials/UnlitVertexColour_Alpha.shader using Guid(125f31ba4cdefb2469a075f509877b02) Importer(815301076,1909f56bfc062723c751e8b465ee728b)  -> (artifact id: '2b6fd8ff4ff11e85076ed16c198e3111') in 1.774568 seconds 
  Import took 1.779284 seconds .

========================================================================
Received Import Request.
  Time since last request: 0.399485 seconds.
  path: Assets/Course Library/_Source_Files/Materials/UnlitVertexColour_Alpha.shader
  artifactKey: Guid(125f31ba4cdefb2469a075f509877b02) Importer(815301076,1909f56bfc062723c751e8b465ee728b)
Start importing Assets/Course Library/_Source_Files/Materials/UnlitVertexColour_Alpha.shader using Guid(125f31ba4cdefb2469a075f509877b02) Importer(815301076,1909f56bfc062723c751e8b465ee728b)  -> (artifact id: '2b6fd8ff4ff11e85076ed16c198e3111') in 0.006701 seconds 
  Import took 0.010347 seconds .

========================================================================
Received Import Request.
  Time since last request: 1.156486 seconds.
  path: Assets/Course Library/_Source_Files/Materials
  artifactKey: Guid(8e3cba7f2af724136bb38f2c2cb70d2c) Importer(815301076,1909f56bfc062723c751e8b465ee728b)
Start importing Assets/Course Library/_Source_Files/Materials using Guid(8e3cba7f2af724136bb38f2c2cb70d2c) Importer(815301076,1909f56bfc062723c751e8b465ee728b)  -> (artifact id: '8f0adf4ba3367ce21da6b6256882ef36') in 0.001928 seconds 
  Import took 0.006467 seconds .

========================================================================
Received Import Request.
  Time since last request: 129.375247 seconds.
  path: Assets/Ground textures pack
  artifactKey: Guid(28eb511a886674c8c8e595ba4c9edebb) Importer(815301076,1909f56bfc062723c751e8b465ee728b)
Start importing Assets/Ground textures pack using Guid(28eb511a886674c8c8e595ba4c9edebb) Importer(815301076,1909f56bfc062723c751e8b465ee728b)  -> (artifact id: 'b9c84290420f28b6f21094ec49ee7d77') in 0.002241 seconds 
  Import took 0.005509 seconds .

========================================================================
Received Import Request.
  Time since last request: 3.291697 seconds.
  path: Assets/Ground textures pack/Ground 02
  artifactKey: Guid(9446e9ea4e0a144af9e1c47ed4020c51) Importer(815301076,1909f56bfc062723c751e8b465ee728b)
Start importing Assets/Ground textures pack/Ground 02 using Guid(9446e9ea4e0a144af9e1c47ed4020c51) Importer(815301076,1909f56bfc062723c751e8b465ee728b)  -> (artifact id: 'ff15ce3d179eb3b87e0cad92770521f9') in 0.003123 seconds 
  Import took 0.006690 seconds .

========================================================================
Received Import Request.
  Time since last request: 1.653861 seconds.
  path: Assets/Ground textures pack/Ground 02/diffuse.tga
  artifactKey: Guid(cd4f831376722b54bbadd59ef7c6c744) Importer(815301076,1909f56bfc062723c751e8b465ee728b)
Start importing Assets/Ground textures pack/Ground 02/diffuse.tga using Guid(cd4f831376722b54bbadd59ef7c6c744) Importer(815301076,1909f56bfc062723c751e8b465ee728b)  -> (artifact id: 'f8aedb29b5449b936a61e2b0ba951d1f') in 1.566513 seconds 
  Import took 1.569783 seconds .

========================================================================
Received Import Request.
  Time since last request: 0.000357 seconds.
  path: Assets/Ground textures pack/Ground 01
  artifactKey: Guid(fba1203cc963e4653bbdd583cf8ae86c) Importer(815301076,1909f56bfc062723c751e8b465ee728b)
Start importing Assets/Ground textures pack/Ground 01 using Guid(fba1203cc963e4653bbdd583cf8ae86c) Importer(815301076,1909f56bfc062723c751e8b465ee728b)  -> (artifact id: 'fa6f7abbaa5856c12865be4134b85c8c') in 0.002016 seconds 
  Import took 0.005107 seconds .

========================================================================
Received Import Request.
  Time since last request: 2.428588 seconds.
  path: Assets/Ground textures pack/Ground & rocks 01
  artifactKey: Guid(f32342f368e8f4ec39bf5de59883111b) Importer(815301076,1909f56bfc062723c751e8b465ee728b)
Start importing Assets/Ground textures pack/Ground & rocks 01 using Guid(f32342f368e8f4ec39bf5de59883111b) Importer(815301076,1909f56bfc062723c751e8b465ee728b)  -> (artifact id: '94574ee2158c922d2a2366f552eb6558') in 0.002053 seconds 
  Import took 0.008847 seconds .

========================================================================
Received Import Request.
  Time since last request: 0.887102 seconds.
  path: Assets/Ground textures pack/Ground & rocks 01/diffuse.tga
  artifactKey: Guid(1d1ca9b1ff6a5ce4bbac09d301d51462) Importer(815301076,1909f56bfc062723c751e8b465ee728b)
Start importing Assets/Ground textures pack/Ground & rocks 01/diffuse.tga using Guid(1d1ca9b1ff6a5ce4bbac09d301d51462) Importer(815301076,1909f56bfc062723c751e8b465ee728b)  -> (artifact id: '712f143e083843244e0a97cacde5de02') in 0.016068 seconds 
  Import took 0.019226 seconds .

========================================================================
Received Import Request.
  Time since last request: 1.165217 seconds.
  path: Assets/Ground textures pack/Ground & rocks 01/preview.jpg
  artifactKey: Guid(e09d437bd6053754dbacb0da105aa9cb) Importer(815301076,1909f56bfc062723c751e8b465ee728b)
Start importing Assets/Ground textures pack/Ground & rocks 01/preview.jpg using Guid(e09d437bd6053754dbacb0da105aa9cb) Importer(815301076,1909f56bfc062723c751e8b465ee728b)  -> (artifact id: 'e9da7cfae7361287165f2c1e17779dba') in 1.503344 seconds 
  Import took 1.506328 seconds .

========================================================================
Received Import Request.
  Time since last request: 0.000361 seconds.
  path: Assets/Ground textures pack/Ground & rocks 01/normal.tga
  artifactKey: Guid(7d7d59aaca791d54c9726e6b4e1feb61) Importer(815301076,1909f56bfc062723c751e8b465ee728b)
Start importing Assets/Ground textures pack/Ground & rocks 01/normal.tga using Guid(7d7d59aaca791d54c9726e6b4e1feb61) Importer(815301076,1909f56bfc062723c751e8b465ee728b)  -> (artifact id: '205f96539baeb9c3e25ce6cd4600eff7') in 0.069839 seconds 
  Import took 0.073395 seconds .

========================================================================
Received Import Request.
  Time since last request: 1.415914 seconds.
  path: Assets/Ground textures pack/Ground & moss
  artifactKey: Guid(e466c7b6ec8d844c0b6beb8c4e40c8f6) Importer(815301076,1909f56bfc062723c751e8b465ee728b)
Start importing Assets/Ground textures pack/Ground & moss using Guid(e466c7b6ec8d844c0b6beb8c4e40c8f6) Importer(815301076,1909f56bfc062723c751e8b465ee728b)  -> (artifact id: 'e5f4a8bd16f182bb5da81d001725dd5f') in 0.001975 seconds 
  Import took 0.004946 seconds .

========================================================================
Received Import Request.
  Time since last request: 2.180733 seconds.
  path: Assets/Ground textures pack/Dry ground/diffuse.tga
  artifactKey: Guid(f5d1de47f0f760544a5596ceb8cc895f) Importer(815301076,1909f56bfc062723c751e8b465ee728b)
Start importing Assets/Ground textures pack/Dry ground/diffuse.tga using Guid(f5d1de47f0f760544a5596ceb8cc895f) Importer(815301076,1909f56bfc062723c751e8b465ee728b)  -> (artifact id: 'e6057c720a8e631672840ccc4e8c1ac1') in 0.011828 seconds 
  Import took 0.014725 seconds .

========================================================================
Received Import Request.
  Time since last request: 2.981747 seconds.
  path: Assets/Ground textures pack/Dry ground/normal.tga
  artifactKey: Guid(af579c7a89d15d24eb8c925a43a236cf) Importer(815301076,1909f56bfc062723c751e8b465ee728b)
Start importing Assets/Ground textures pack/Dry ground/normal.tga using Guid(af579c7a89d15d24eb8c925a43a236cf) Importer(815301076,1909f56bfc062723c751e8b465ee728b)  -> (artifact id: 'b9ae1c09a289eafc941964d590c55230') in 0.037205 seconds 
  Import took 0.041273 seconds .

========================================================================
Received Import Request.
  Time since last request: 5.531288 seconds.
  path: Assets/Ground textures pack/Grass & dead leafs 01/diffuse.tga
  artifactKey: Guid(46c9b2c471a59f24cbe88eae93a32f60) Importer(815301076,1909f56bfc062723c751e8b465ee728b)
Start importing Assets/Ground textures pack/Grass & dead leafs 01/diffuse.tga using Guid(46c9b2c471a59f24cbe88eae93a32f60) Importer(815301076,1909f56bfc062723c751e8b465ee728b)  -> (artifact id: '07af939ad62f7d5182787d8ce1ca0c53') in 0.012727 seconds 
  Import took 0.015595 seconds .

========================================================================
Received Import Request.
  Time since last request: 15.257868 seconds.
  path: Assets/Ground textures pack/Grass & dead leafs 01/normal.tga
  artifactKey: Guid(ae0e7acc3616ba441a70994eb662f6e3) Importer(815301076,1909f56bfc062723c751e8b465ee728b)
Start importing Assets/Ground textures pack/Grass & dead leafs 01/normal.tga using Guid(ae0e7acc3616ba441a70994eb662f6e3) Importer(815301076,1909f56bfc062723c751e8b465ee728b)  -> (artifact id: '362148fc4f06fab29027f0137663832c') in 0.017766 seconds 
  Import took 0.023202 seconds .

========================================================================
Received Import Request.
  Time since last request: 20.375696 seconds.
  path: Assets/Course Library/_Source_Files/Textures/Background_Nature.png
  artifactKey: Guid(17881b719d84f46169e88d04d594eb75) Importer(815301076,1909f56bfc062723c751e8b465ee728b)
Start importing Assets/Course Library/_Source_Files/Textures/Background_Nature.png using Guid(17881b719d84f46169e88d04d594eb75) Importer(815301076,1909f56bfc062723c751e8b465ee728b)  -> (artifact id: '432c566940d274ddebf77993726d5310') in 0.060322 seconds 
  Import took 0.064442 seconds .

========================================================================
Received Import Request.
  Time since last request: 0.000450 seconds.
  path: Assets/Course Library/_Source_Files/Textures/Background_Town.png
  artifactKey: Guid(640fa9e54570b4acbbc4acf8f3bf8663) Importer(815301076,1909f56bfc062723c751e8b465ee728b)
Start importing Assets/Course Library/_Source_Files/Textures/Background_Town.png using Guid(640fa9e54570b4acbbc4acf8f3bf8663) Importer(815301076,1909f56bfc062723c751e8b465ee728b)  -> (artifact id: '7ebceae2a558ad1e41345c25a1f7ba74') in 0.021340 seconds 
  Import took 0.025708 seconds .

========================================================================
Received Import Request.
  Time since last request: 2.078924 seconds.
  path: Assets/Course Library/_Source_Files/Textures/Background_City.png
  artifactKey: Guid(66ce0fda7508547d2be6b20eac53f119) Importer(815301076,1909f56bfc062723c751e8b465ee728b)
Start importing Assets/Course Library/_Source_Files/Textures/Background_City.png using Guid(66ce0fda7508547d2be6b20eac53f119) Importer(815301076,1909f56bfc062723c751e8b465ee728b)  -> (artifact id: 'b642934f00d63c1245e842ba042f5271') in 0.026428 seconds 
  Import took 0.031563 seconds .

========================================================================
Received Import Request.
  Time since last request: 15.860919 seconds.
  path: Assets/Ground textures pack/Grass & dead leafs 01/Materials
  artifactKey: Guid(6288ef713a1914a79b7a55d014c16634) Importer(815301076,1909f56bfc062723c751e8b465ee728b)
Start importing Assets/Ground textures pack/Grass & dead leafs 01/Materials using Guid(6288ef713a1914a79b7a55d014c16634) Importer(815301076,1909f56bfc062723c751e8b465ee728b)  -> (artifact id: '869250acc528f791e411f1afa2876a11') in 0.003179 seconds 
  Import took 0.006126 seconds .

========================================================================
Received Import Request.
  Time since last request: 20.289869 seconds.
  path: Assets/Ground textures pack/Grass & rocks
  artifactKey: Guid(aec408f1219584618870ed45ab849424) Importer(815301076,1909f56bfc062723c751e8b465ee728b)
Start importing Assets/Ground textures pack/Grass & rocks using Guid(aec408f1219584618870ed45ab849424) Importer(815301076,1909f56bfc062723c751e8b465ee728b)  -> (artifact id: '6d41329d4868167775da5898e31aa7e4') in 0.001959 seconds 
  Import took 0.005016 seconds .

========================================================================
Received Import Request.
  Time since last request: 0.465691 seconds.
  path: Assets/Ground textures pack/Grass & dead leafs 02
  artifactKey: Guid(533d198ae7e8b4304b1f87e7e71b67c0) Importer(815301076,1909f56bfc062723c751e8b465ee728b)
Start importing Assets/Ground textures pack/Grass & dead leafs 02 using Guid(533d198ae7e8b4304b1f87e7e71b67c0) Importer(815301076,1909f56bfc062723c751e8b465ee728b)  -> (artifact id: '31247ab5253df6bb70fa52d074a56690') in 0.002151 seconds 
  Import took 0.007610 seconds .

========================================================================
Received Import Request.
  Time since last request: 0.851204 seconds.
  path: Assets/Ground textures pack/Grass & dead leafs 02/diffuse.tga
  artifactKey: Guid(f77d739839b967e44898c8a89688369a) Importer(815301076,1909f56bfc062723c751e8b465ee728b)
Start importing Assets/Ground textures pack/Grass & dead leafs 02/diffuse.tga using Guid(f77d739839b967e44898c8a89688369a) Importer(815301076,1909f56bfc062723c751e8b465ee728b)  -> (artifact id: 'e834ab0a141a4990a96a264e22cc1c47') in 0.036146 seconds 
  Import took 0.040524 seconds .

========================================================================
Received Import Request.
  Time since last request: 0.000694 seconds.
  path: Assets/Ground textures pack/Grass & dead leafs 02/diffuse.tga
  artifactKey: Guid(f77d739839b967e44898c8a89688369a) Importer(815301076,1909f56bfc062723c751e8b465ee728b)
Start importing Assets/Ground textures pack/Grass & dead leafs 02/diffuse.tga using Guid(f77d739839b967e44898c8a89688369a) Importer(815301076,1909f56bfc062723c751e8b465ee728b)  -> (artifact id: 'e834ab0a141a4990a96a264e22cc1c47') in 0.015336 seconds 
  Import took 0.019320 seconds .

========================================================================
Received Import Request.
  Time since last request: 7.638974 seconds.
  path: Assets/Ground textures pack/Grass & rocks/diffuse.tga
  artifactKey: Guid(12ff3c37d59e28240a8f4643c3ead3d3) Importer(815301076,1909f56bfc062723c751e8b465ee728b)
Start importing Assets/Ground textures pack/Grass & rocks/diffuse.tga using Guid(12ff3c37d59e28240a8f4643c3ead3d3) Importer(815301076,1909f56bfc062723c751e8b465ee728b)  -> (artifact id: '2b429ae9c12b3b1a6ada43f6e37f55e3') in 0.039396 seconds 
  Import took 0.042995 seconds .

========================================================================
Received Import Request.
  Time since last request: 6.618517 seconds.
  path: Assets/Ground textures pack/Grass 01
  artifactKey: Guid(e994249c8af844274afd03752ced977c) Importer(815301076,1909f56bfc062723c751e8b465ee728b)
Start importing Assets/Ground textures pack/Grass 01 using Guid(e994249c8af844274afd03752ced977c) Importer(815301076,1909f56bfc062723c751e8b465ee728b)  -> (artifact id: '5c6e3886dabe8683ea3b7ca14e7891f8') in 0.002144 seconds 
  Import took 0.008441 seconds .

========================================================================
Received Import Request.
  Time since last request: 0.412585 seconds.
  path: Assets/Ground textures pack/Grass 01/diffuse.tga
  artifactKey: Guid(a51044dfe95257548b466bc35528b878) Importer(815301076,1909f56bfc062723c751e8b465ee728b)
Start importing Assets/Ground textures pack/Grass 01/diffuse.tga using Guid(a51044dfe95257548b466bc35528b878) Importer(815301076,1909f56bfc062723c751e8b465ee728b)  -> (artifact id: '4f50d08cd5c5e6e1b3db9567741a4401') in 0.036370 seconds 
  Import took 0.041528 seconds .

========================================================================
Received Import Request.
  Time since last request: 0.000629 seconds.
  path: Assets/Ground textures pack/Grass 01/diffuse.tga
  artifactKey: Guid(a51044dfe95257548b466bc35528b878) Importer(815301076,1909f56bfc062723c751e8b465ee728b)
Start importing Assets/Ground textures pack/Grass 01/diffuse.tga using Guid(a51044dfe95257548b466bc35528b878) Importer(815301076,1909f56bfc062723c751e8b465ee728b)  -> (artifact id: '4f50d08cd5c5e6e1b3db9567741a4401') in 0.015835 seconds 
  Import took 0.019843 seconds .

========================================================================
Received Import Request.
  Time since last request: 1.422886 seconds.
  path: Assets/Ground textures pack/Grass 01/normal.tga
  artifactKey: Guid(0c3232df383d7984ab0e87bf7c42aadb) Importer(815301076,1909f56bfc062723c751e8b465ee728b)
Start importing Assets/Ground textures pack/Grass 01/normal.tga using Guid(0c3232df383d7984ab0e87bf7c42aadb) Importer(815301076,1909f56bfc062723c751e8b465ee728b)  -> (artifact id: 'b27c14c25cc7e9966fdf78a776f6e2bc') in 0.040421 seconds 
  Import took 0.044008 seconds .

========================================================================
Received Import Request.
  Time since last request: 0.002997 seconds.
  path: Assets/Ground textures pack/Grass 01/normal.tga
  artifactKey: Guid(0c3232df383d7984ab0e87bf7c42aadb) Importer(815301076,1909f56bfc062723c751e8b465ee728b)
Start importing Assets/Ground textures pack/Grass 01/normal.tga using Guid(0c3232df383d7984ab0e87bf7c42aadb) Importer(815301076,1909f56bfc062723c751e8b465ee728b)  -> (artifact id: 'b27c14c25cc7e9966fdf78a776f6e2bc') in 0.025767 seconds 
  Import took 0.029296 seconds .

========================================================================
Received Import Request.
  Time since last request: 13.459405 seconds.
  path: Assets/Ground textures pack/Grass 02
  artifactKey: Guid(ca47499626d9c4d9eb7fb3899137e84f) Importer(815301076,1909f56bfc062723c751e8b465ee728b)
Start importing Assets/Ground textures pack/Grass 02 using Guid(ca47499626d9c4d9eb7fb3899137e84f) Importer(815301076,1909f56bfc062723c751e8b465ee728b)  -> (artifact id: 'd9a5a2ba78749085d2b727bca0962f2f') in 0.002033 seconds 
  Import took 0.005560 seconds .

========================================================================
Received Import Request.
  Time since last request: 0.329942 seconds.
  path: Assets/Ground textures pack/Grass 02/diffuse.tga
  artifactKey: Guid(d902345b12dd31e4a83f0c375a540341) Importer(815301076,1909f56bfc062723c751e8b465ee728b)
Start importing Assets/Ground textures pack/Grass 02/diffuse.tga using Guid(d902345b12dd31e4a83f0c375a540341) Importer(815301076,1909f56bfc062723c751e8b465ee728b)  -> (artifact id: '185cacbfe84ec32f3fb55311fa8cf573') in 0.038423 seconds 
  Import took 0.041668 seconds .

========================================================================
Received Import Request.
  Time since last request: 2.739473 seconds.
  path: Assets/Ground textures pack/Grass 03/diffuse.tga
  artifactKey: Guid(e9866699a4ddce642b7da4aeaa74d279) Importer(815301076,1909f56bfc062723c751e8b465ee728b)
Start importing Assets/Ground textures pack/Grass 03/diffuse.tga using Guid(e9866699a4ddce642b7da4aeaa74d279) Importer(815301076,1909f56bfc062723c751e8b465ee728b)  -> (artifact id: '078614f55df2723917046eb505a913c1') in 0.037845 seconds 
  Import took 0.041080 seconds .

========================================================================
Received Import Request.
  Time since last request: 8.252177 seconds.
  path: Assets/Ground textures pack/Grass 03
  artifactKey: Guid(802afeb5afcf7433ea47a287671a587c) Importer(815301076,1909f56bfc062723c751e8b465ee728b)
Start importing Assets/Ground textures pack/Grass 03 using Guid(802afeb5afcf7433ea47a287671a587c) Importer(815301076,1909f56bfc062723c751e8b465ee728b)  -> (artifact id: '101c7dc7d2edc651c60ac9b782f55302') in 0.003130 seconds 
  Import took 0.010249 seconds .

========================================================================
Received Import Request.
  Time since last request: 194.133524 seconds.
  path: Assets/Course Library/_Source_Files/Textures/SimpleFarmer_Farmer_White.png
  artifactKey: Guid(b5439d586ec428a40aef081b40d65655) Importer(815301076,1909f56bfc062723c751e8b465ee728b)
Start importing Assets/Course Library/_Source_Files/Textures/SimpleFarmer_Farmer_White.png using Guid(b5439d586ec428a40aef081b40d65655) Importer(815301076,1909f56bfc062723c751e8b465ee728b)  -> (artifact id: 'd993fc9b2c7a8f90e70c5a83dd23b3ea') in 0.029061 seconds 
  Import took 0.034093 seconds .

========================================================================
Received Import Request.
  Time since last request: 0.581356 seconds.
  path: Assets/Course Library/_Source_Files/Textures/SimpleFarmer_Farmer_Brown.png
  artifactKey: Guid(065c4bcb58412d949a264763a07a818a) Importer(815301076,1909f56bfc062723c751e8b465ee728b)
Start importing Assets/Course Library/_Source_Files/Textures/SimpleFarmer_Farmer_Brown.png using Guid(065c4bcb58412d949a264763a07a818a) Importer(815301076,1909f56bfc062723c751e8b465ee728b)  -> (artifact id: '63e2fab259093d1e97ef7546a52371f2') in 0.032821 seconds 
  Import took 0.036781 seconds .

========================================================================
Received Import Request.
  Time since last request: 4.478811 seconds.
  path: Assets/Course Library/_Source_Files/Textures/SimpleFarmer_FarmersDaughter_Black.png
  artifactKey: Guid(96100b630096bb24b8ec619d9e6b1211) Importer(815301076,1909f56bfc062723c751e8b465ee728b)
Start importing Assets/Course Library/_Source_Files/Textures/SimpleFarmer_FarmersDaughter_Black.png using Guid(96100b630096bb24b8ec619d9e6b1211) Importer(815301076,1909f56bfc062723c751e8b465ee728b)  -> (artifact id: 'd7408d60fdd572d9e0ed9016df2d5762') in 0.034920 seconds 
  Import took 0.039217 seconds .

========================================================================
Received Import Request.
  Time since last request: 0.000664 seconds.
  path: Assets/Course Library/_Source_Files/Textures/SimpleFarmer_FarmersDaughter_Black.png
  artifactKey: Guid(96100b630096bb24b8ec619d9e6b1211) Importer(815301076,1909f56bfc062723c751e8b465ee728b)
Start importing Assets/Course Library/_Source_Files/Textures/SimpleFarmer_FarmersDaughter_Black.png using Guid(96100b630096bb24b8ec619d9e6b1211) Importer(815301076,1909f56bfc062723c751e8b465ee728b)  -> (artifact id: 'd7408d60fdd572d9e0ed9016df2d5762') in 0.022251 seconds 
  Import took 0.028145 seconds .

========================================================================
Received Import Request.
  Time since last request: 0.763118 seconds.
  path: Assets/Course Library/_Source_Files/Textures/SimpleFarmer_FarmersDaughter_White.png
  artifactKey: Guid(bde8e4ecd0b2f344bb3b0d5bc6f7fc9c) Importer(815301076,1909f56bfc062723c751e8b465ee728b)
Start importing Assets/Course Library/_Source_Files/Textures/SimpleFarmer_FarmersDaughter_White.png using Guid(bde8e4ecd0b2f344bb3b0d5bc6f7fc9c) Importer(815301076,1909f56bfc062723c751e8b465ee728b)  -> (artifact id: '56bbbf1a8d07a209b1c62e7efd6df3e6') in 0.020701 seconds 
  Import took 0.024443 seconds .

========================================================================
Received Import Request.
  Time since last request: 0.001801 seconds.
  path: Assets/Course Library/_Source_Files/Textures/SimpleFarmer_FarmersDaughter_White.png
  artifactKey: Guid(bde8e4ecd0b2f344bb3b0d5bc6f7fc9c) Importer(815301076,1909f56bfc062723c751e8b465ee728b)
Start importing Assets/Course Library/_Source_Files/Textures/SimpleFarmer_FarmersDaughter_White.png using Guid(bde8e4ecd0b2f344bb3b0d5bc6f7fc9c) Importer(815301076,1909f56bfc062723c751e8b465ee728b)  -> (artifact id: '56bbbf1a8d07a209b1c62e7efd6df3e6') in 0.022253 seconds 
  Import took 0.029789 seconds .

========================================================================
Received Import Request.
  Time since last request: 4.351493 seconds.
  path: Assets/Course Library/_Source_Files/Textures/SimpleFarmer_FarmersWife_Black.png
  artifactKey: Guid(1d2be5615bea5d44f97a1c40b5c11815) Importer(815301076,1909f56bfc062723c751e8b465ee728b)
Start importing Assets/Course Library/_Source_Files/Textures/SimpleFarmer_FarmersWife_Black.png using Guid(1d2be5615bea5d44f97a1c40b5c11815) Importer(815301076,1909f56bfc062723c751e8b465ee728b)  -> (artifact id: '21131104226cfce7259f6f99b8e7ffd5') in 0.032025 seconds 
  Import took 0.036370 seconds .

========================================================================
Received Import Request.
  Time since last request: 0.000570 seconds.
  path: Assets/Course Library/_Source_Files/Textures/SimpleFarmer_FarmersWife_Black.png
  artifactKey: Guid(1d2be5615bea5d44f97a1c40b5c11815) Importer(815301076,1909f56bfc062723c751e8b465ee728b)
Start importing Assets/Course Library/_Source_Files/Textures/SimpleFarmer_FarmersWife_Black.png using Guid(1d2be5615bea5d44f97a1c40b5c11815) Importer(815301076,1909f56bfc062723c751e8b465ee728b)  -> (artifact id: '21131104226cfce7259f6f99b8e7ffd5') in 0.022995 seconds 
  Import took 0.026303 seconds .

========================================================================
Received Import Request.
  Time since last request: 0.320898 seconds.
  path: Assets/Course Library/_Source_Files/Textures/SimpleFarmer_FarmersWife_White.png
  artifactKey: Guid(f555d3f85b4960e4287918ec81c10d9a) Importer(815301076,1909f56bfc062723c751e8b465ee728b)
Start importing Assets/Course Library/_Source_Files/Textures/SimpleFarmer_FarmersWife_White.png using Guid(f555d3f85b4960e4287918ec81c10d9a) Importer(815301076,1909f56bfc062723c751e8b465ee728b)  -> (artifact id: 'd031a6c585eb5849643380cd580ce345') in 0.021153 seconds 
  Import took 0.025184 seconds .

========================================================================
Received Import Request.
  Time since last request: 0.907362 seconds.
  path: Assets/Course Library/_Source_Files/Textures/SimpleFarmer_FarmWrangler_Black.png
  artifactKey: Guid(e3f5ae7056ee847478654d8ef6f4c4ad) Importer(815301076,1909f56bfc062723c751e8b465ee728b)
Start importing Assets/Course Library/_Source_Files/Textures/SimpleFarmer_FarmWrangler_Black.png using Guid(e3f5ae7056ee847478654d8ef6f4c4ad) Importer(815301076,1909f56bfc062723c751e8b465ee728b)  -> (artifact id: '373153fc16680aa7dcf997774b87a6ca') in 0.021661 seconds 
  Import took 0.025994 seconds .

========================================================================
Received Import Request.
  Time since last request: 0.001528 seconds.
  path: Assets/Course Library/_Source_Files/Textures/SimpleFarmer_FarmWrangler_Black.png
  artifactKey: Guid(e3f5ae7056ee847478654d8ef6f4c4ad) Importer(815301076,1909f56bfc062723c751e8b465ee728b)
Start importing Assets/Course Library/_Source_Files/Textures/SimpleFarmer_FarmWrangler_Black.png using Guid(e3f5ae7056ee847478654d8ef6f4c4ad) Importer(815301076,1909f56bfc062723c751e8b465ee728b)  -> (artifact id: '373153fc16680aa7dcf997774b87a6ca') in 0.028678 seconds 
  Import took 0.033678 seconds .

========================================================================
Received Import Request.
  Time since last request: 0.263829 seconds.
  path: Assets/Course Library/_Source_Files/Textures/SimpleFarmer_FarmWrangler_Brown.png
  artifactKey: Guid(45eb17d5fe65a6942aee37575c20cf68) Importer(815301076,1909f56bfc062723c751e8b465ee728b)
Start importing Assets/Course Library/_Source_Files/Textures/SimpleFarmer_FarmWrangler_Brown.png using Guid(45eb17d5fe65a6942aee37575c20cf68) Importer(815301076,1909f56bfc062723c751e8b465ee728b)  -> (artifact id: 'f24e73d7bc82490fa6b7b3efae9163af') in 0.034849 seconds 
  Import took 0.038471 seconds .

========================================================================
Received Import Request.
  Time since last request: 1.370751 seconds.
  path: Assets/Course Library/_Source_Files/Textures/SimplePeople_Waitress_White.png
  artifactKey: Guid(dd192c6007229f84ca5ebc4ef9236d19) Importer(815301076,1909f56bfc062723c751e8b465ee728b)
Start importing Assets/Course Library/_Source_Files/Textures/SimplePeople_Waitress_White.png using Guid(dd192c6007229f84ca5ebc4ef9236d19) Importer(815301076,1909f56bfc062723c751e8b465ee728b)  -> (artifact id: '31c74e96e1039c1c6afcfd77ca316a3c') in 0.021982 seconds 
  Import took 0.025772 seconds .

========================================================================
Received Import Request.
  Time since last request: 0.002655 seconds.
  path: Assets/Course Library/_Source_Files/Textures/SimplePeople_Waitress_White.png
  artifactKey: Guid(dd192c6007229f84ca5ebc4ef9236d19) Importer(815301076,1909f56bfc062723c751e8b465ee728b)
Start importing Assets/Course Library/_Source_Files/Textures/SimplePeople_Waitress_White.png using Guid(dd192c6007229f84ca5ebc4ef9236d19) Importer(815301076,1909f56bfc062723c751e8b465ee728b)  -> (artifact id: '31c74e96e1039c1c6afcfd77ca316a3c') in 0.021013 seconds 
  Import took 0.025755 seconds .

========================================================================
Received Import Request.
  Time since last request: 0.287238 seconds.
  path: Assets/Course Library/_Source_Files/Textures/SimplePeople_Waitress_Brown.png
  artifactKey: Guid(0000894bdf64f1b468a3c75f66de34ab) Importer(815301076,1909f56bfc062723c751e8b465ee728b)
Start importing Assets/Course Library/_Source_Files/Textures/SimplePeople_Waitress_Brown.png using Guid(0000894bdf64f1b468a3c75f66de34ab) Importer(815301076,1909f56bfc062723c751e8b465ee728b)  -> (artifact id: '31bf34f129d310c43016c5228a3578e3') in 0.033394 seconds 
  Import took 0.036484 seconds .

========================================================================
Received Import Request.
  Time since last request: 0.010764 seconds.
  path: Assets/Course Library/_Source_Files/Textures/SimplePeople_Waitress_Brown.png
  artifactKey: Guid(0000894bdf64f1b468a3c75f66de34ab) Importer(815301076,1909f56bfc062723c751e8b465ee728b)
Start importing Assets/Course Library/_Source_Files/Textures/SimplePeople_Waitress_Brown.png using Guid(0000894bdf64f1b468a3c75f66de34ab) Importer(815301076,1909f56bfc062723c751e8b465ee728b)  -> (artifact id: '31bf34f129d310c43016c5228a3578e3') in 0.021578 seconds 
  Import took 0.027550 seconds .

========================================================================
Received Import Request.
  Time since last request: 0.418121 seconds.
  path: Assets/Course Library/_Source_Files/Textures/SimplePeople_Waitress_Black.png
  artifactKey: Guid(28ef5d1be2c3e0f469599dcb97b6ca17) Importer(815301076,1909f56bfc062723c751e8b465ee728b)
Start importing Assets/Course Library/_Source_Files/Textures/SimplePeople_Waitress_Black.png using Guid(28ef5d1be2c3e0f469599dcb97b6ca17) Importer(815301076,1909f56bfc062723c751e8b465ee728b)  -> (artifact id: 'f3b092e7eb00d7fdae6a0332695598b5') in 0.033677 seconds 
  Import took 0.038728 seconds .

========================================================================
Received Import Request.
  Time since last request: 0.427332 seconds.
  path: Assets/Course Library/_Source_Files/Textures/SimplePeople_RoadWorker_White.png
  artifactKey: Guid(06e19e958dfa37642ae5619bedf35920) Importer(815301076,1909f56bfc062723c751e8b465ee728b)
Start importing Assets/Course Library/_Source_Files/Textures/SimplePeople_RoadWorker_White.png using Guid(06e19e958dfa37642ae5619bedf35920) Importer(815301076,1909f56bfc062723c751e8b465ee728b)  -> (artifact id: '721331dc927d3e34e78116309d342100') in 0.032671 seconds 
  Import took 0.036323 seconds .

========================================================================
Received Import Request.
  Time since last request: 31.860126 seconds.
  path: Assets/Scenes/Prototype 3.unity
  artifactKey: Guid(dc8c9f3efd746429fa6f9482dc779492) Importer(815301076,1909f56bfc062723c751e8b465ee728b)
Start importing Assets/Scenes/Prototype 3.unity using Guid(dc8c9f3efd746429fa6f9482dc779492) Importer(815301076,1909f56bfc062723c751e8b465ee728b)  -> (artifact id: '7e7c40e991514588b6165071ea2076f5') in 0.002967 seconds 
  Import took 0.010867 seconds .

========================================================================
Received Import Request.
  Time since last request: 18.838558 seconds.
  path: Assets/Scenes/Menu.unity
  artifactKey: Guid(9fc0d4010bbf28b4594072e72b8655ab) Importer(815301076,1909f56bfc062723c751e8b465ee728b)
Start importing Assets/Scenes/Menu.unity using Guid(9fc0d4010bbf28b4594072e72b8655ab) Importer(815301076,1909f56bfc062723c751e8b465ee728b)  -> (artifact id: '35a5fcd9094c2ebe6e31f5989a229180') in 0.006180 seconds 
  Import took 0.009957 seconds .

========================================================================
Received Import Request.
  Time since last request: 74.121603 seconds.
  path: Assets/Scenes/Menu.unity
  artifactKey: Guid(9fc0d4010bbf28b4594072e72b8655ab) Importer(815301076,1909f56bfc062723c751e8b465ee728b)
Start importing Assets/Scenes/Menu.unity using Guid(9fc0d4010bbf28b4594072e72b8655ab) Importer(815301076,1909f56bfc062723c751e8b465ee728b)  -> (artifact id: '75a188d6cce89deb55ced67009a01da1') in 0.005975 seconds 
  Import took 0.009276 seconds .

========================================================================
Received Prepare
Registering precompiled user dll's ...
Registered in 0.009363 seconds.
Begin MonoManager ReloadAssembly
Native extension for OSXStandalone target not found
Native extension for WebGL target not found
Refreshing native plugins compatible for Editor in 0.43 ms, found 2 plugins.
Preloading 0 native plugins for Editor in 0.00 ms.
Mono: successfully reloaded assembly
- Completed reload, in  1.859 seconds
Domain Reload Profiling:
	ReloadAssembly (1864ms)
		BeginReloadAssembly (287ms)
			ExecutionOrderSort (0ms)
			DisableScriptedObjects (14ms)
			BackupInstance (0ms)
			ReleaseScriptingObjects (0ms)
			CreateAndSetChildDomain (165ms)
		EndReloadAssembly (1474ms)
			LoadAssemblies (202ms)
			RebuildTransferFunctionScriptingTraits (0ms)
			SetupTypeCache (495ms)
			ReleaseScriptCaches (1ms)
			RebuildScriptCaches (68ms)
			SetupLoadedEditorAssemblies (534ms)
				LogAssemblyErrors (0ms)
				InitializePlatformSupportModulesInManaged (9ms)
				SetLoadedEditorAssemblies (1ms)
				RefreshPlugins (0ms)
				BeforeProcessingInitializeOnLoad (96ms)
				ProcessInitializeOnLoadAttributes (420ms)
				ProcessInitializeOnLoadMethodAttributes (5ms)
				AfterProcessingInitializeOnLoad (2ms)
				EditorAssembliesLoaded (0ms)
			ExecutionOrderSort2 (0ms)
			AwakeInstancesAfterBackupRestoration (10ms)
Platform modules already initialized, skipping
Refreshing native plugins compatible for Editor in 0.50 ms, found 2 plugins.
Preloading 0 native plugins for Editor in 0.00 ms.
Unloading 1391 Unused Serialized files (Serialized files now loaded: 0)
System memory in use before: 161.0 MB.
System memory in use after: 161.1 MB.

Unloading 13 unused Assets to reduce memory usage. Loaded Objects now: 1843.
Total: 4.145302 ms (FindLiveObjects: 0.324643 ms CreateObjectMapping: 0.096638 ms MarkObjects: 3.674030 ms  DeleteObjects: 0.048520 ms)

AssetImportParameters requested are different than current active one (requested -> active):
  custom:video-decoder-ogg-theora: a1e56fd34408186e4bbccfd4996cb3dc -> 
  custom:container-muxer-webm: aa71ff27fc2769a1b78a27578f13a17b -> 
  custom:container-demuxer-webm: 4f35f7cbe854078d1ac9338744f61a02 -> 
  custom:container-demuxer-ogg: 62fdf1f143b41e24485cea50d1cbac27 -> 
  custom:video-encoder-webm-vp8: eb34c28f22e8b96e1ab97ce403110664 -> 
  custom:framework-osx-AVFoundation: e770b220cccbd017edd2c1fefb359320 -> 
  custom:video-decoder-webm-vp8: 9c59270c3fd7afecdb556c50c9e8de78 -> 
  custom:audio-decoder-ogg-vorbis: bf7c407c2cedff20999df2af8eb42d56 -> 
  custom:audio-encoder-webm-vorbis: bf7c407c2cedff20999df2af8eb42d56 -> 
========================================================================
Received Prepare
Registering precompiled user dll's ...
Registered in 0.018201 seconds.
Begin MonoManager ReloadAssembly
Native extension for OSXStandalone target not found
Native extension for WebGL target not found
Refreshing native plugins compatible for Editor in 0.44 ms, found 2 plugins.
Preloading 0 native plugins for Editor in 0.00 ms.
Mono: successfully reloaded assembly
- Completed reload, in  1.932 seconds
Domain Reload Profiling:
	ReloadAssembly (1935ms)
		BeginReloadAssembly (367ms)
			ExecutionOrderSort (0ms)
			DisableScriptedObjects (15ms)
			BackupInstance (0ms)
			ReleaseScriptingObjects (0ms)
			CreateAndSetChildDomain (178ms)
		EndReloadAssembly (1459ms)
			LoadAssemblies (263ms)
			RebuildTransferFunctionScriptingTraits (0ms)
			SetupTypeCache (467ms)
			ReleaseScriptCaches (1ms)
			RebuildScriptCaches (69ms)
			SetupLoadedEditorAssemblies (558ms)
				LogAssemblyErrors (0ms)
				InitializePlatformSupportModulesInManaged (8ms)
				SetLoadedEditorAssemblies (1ms)
				RefreshPlugins (0ms)
				BeforeProcessingInitializeOnLoad (92ms)
				ProcessInitializeOnLoadAttributes (448ms)
				ProcessInitializeOnLoadMethodAttributes (5ms)
				AfterProcessingInitializeOnLoad (2ms)
				EditorAssembliesLoaded (1ms)
			ExecutionOrderSort2 (0ms)
			AwakeInstancesAfterBackupRestoration (14ms)
Platform modules already initialized, skipping
Refreshing native plugins compatible for Editor in 0.59 ms, found 2 plugins.
Preloading 0 native plugins for Editor in 0.00 ms.
Unloading 1391 Unused Serialized files (Serialized files now loaded: 0)
System memory in use before: 161.3 MB.
System memory in use after: 161.4 MB.

Unloading 13 unused Assets to reduce memory usage. Loaded Objects now: 1845.
Total: 3.980540 ms (FindLiveObjects: 0.253172 ms CreateObjectMapping: 0.047457 ms MarkObjects: 3.644636 ms  DeleteObjects: 0.033887 ms)

AssetImportParameters requested are different than current active one (requested -> active):
  custom:video-decoder-ogg-theora: a1e56fd34408186e4bbccfd4996cb3dc -> 
  custom:container-muxer-webm: aa71ff27fc2769a1b78a27578f13a17b -> 
  custom:container-demuxer-webm: 4f35f7cbe854078d1ac9338744f61a02 -> 
  custom:container-demuxer-ogg: 62fdf1f143b41e24485cea50d1cbac27 -> 
  custom:video-encoder-webm-vp8: eb34c28f22e8b96e1ab97ce403110664 -> 
  custom:framework-osx-AVFoundation: e770b220cccbd017edd2c1fefb359320 -> 
  custom:video-decoder-webm-vp8: 9c59270c3fd7afecdb556c50c9e8de78 -> 
  custom:audio-decoder-ogg-vorbis: bf7c407c2cedff20999df2af8eb42d56 -> 
  custom:audio-encoder-webm-vorbis: bf7c407c2cedff20999df2af8eb42d56 -> 
========================================================================
Received Import Request.
  Time since last request: 868.030507 seconds.
  path: Assets
  artifactKey: Guid(00000000000000001000000000000000) Importer(815301076,1909f56bfc062723c751e8b465ee728b)
Start importing Assets using Guid(00000000000000001000000000000000) Importer(815301076,1909f56bfc062723c751e8b465ee728b)  -> (artifact id: '42d402b061de3733987d63b9cc3b64de') in 0.010803 seconds 
  Import took 0.016326 seconds .

========================================================================
Received Import Request.
  Time since last request: 15.959501 seconds.
  path: Assets/Scripts
  artifactKey: Guid(8ae2b6e6d520a4c79b06c409d0081024) Importer(815301076,1909f56bfc062723c751e8b465ee728b)
Start importing Assets/Scripts using Guid(8ae2b6e6d520a4c79b06c409d0081024) Importer(815301076,1909f56bfc062723c751e8b465ee728b)  -> (artifact id: '6e2222b8258353cefcba65e1515bd1c2') in 0.005803 seconds 
  Import took 0.012843 seconds .

========================================================================
Received Import Request.
  Time since last request: 401.005100 seconds.
  path: Assets/Scripts/MainManager.cs
  artifactKey: Guid(d16697ccb75184cdeb111ed7d09a2d4e) Importer(815301076,1909f56bfc062723c751e8b465ee728b)
Start importing Assets/Scripts/MainManager.cs using Guid(d16697ccb75184cdeb111ed7d09a2d4e) Importer(815301076,1909f56bfc062723c751e8b465ee728b)  -> (artifact id: '86b7b99e9ea707840fda7fd53aaaeaf4') in 5.829464 seconds 
  Import took 5.873106 seconds .

========================================================================
Received Prepare
Registering precompiled user dll's ...
Registered in 0.005459 seconds.
Begin MonoManager ReloadAssembly
Native extension for OSXStandalone target not found
Native extension for WebGL target not found
Refreshing native plugins compatible for Editor in 0.46 ms, found 2 plugins.
Preloading 0 native plugins for Editor in 0.00 ms.
Mono: successfully reloaded assembly
- Completed reload, in  1.810 seconds
Domain Reload Profiling:
	ReloadAssembly (1817ms)
		BeginReloadAssembly (305ms)
			ExecutionOrderSort (0ms)
			DisableScriptedObjects (29ms)
			BackupInstance (0ms)
			ReleaseScriptingObjects (0ms)
			CreateAndSetChildDomain (166ms)
		EndReloadAssembly (1405ms)
			LoadAssemblies (129ms)
			RebuildTransferFunctionScriptingTraits (0ms)
			SetupTypeCache (498ms)
			ReleaseScriptCaches (1ms)
			RebuildScriptCaches (69ms)
			SetupLoadedEditorAssemblies (535ms)
				LogAssemblyErrors (0ms)
				InitializePlatformSupportModulesInManaged (9ms)
				SetLoadedEditorAssemblies (1ms)
				RefreshPlugins (1ms)
				BeforeProcessingInitializeOnLoad (98ms)
				ProcessInitializeOnLoadAttributes (418ms)
				ProcessInitializeOnLoadMethodAttributes (5ms)
				AfterProcessingInitializeOnLoad (2ms)
				EditorAssembliesLoaded (0ms)
			ExecutionOrderSort2 (0ms)
			AwakeInstancesAfterBackupRestoration (11ms)
Platform modules already initialized, skipping
Refreshing native plugins compatible for Editor in 0.66 ms, found 2 plugins.
Preloading 0 native plugins for Editor in 0.00 ms.
Unloading 1392 Unused Serialized files (Serialized files now loaded: 0)
System memory in use before: 165.7 MB.
System memory in use after: 165.8 MB.

Unloading 13 unused Assets to reduce memory usage. Loaded Objects now: 1848.
Total: 5.446841 ms (FindLiveObjects: 0.305234 ms CreateObjectMapping: 0.062176 ms MarkObjects: 5.014088 ms  DeleteObjects: 0.063486 ms)

AssetImportParameters requested are different than current active one (requested -> active):
  custom:video-decoder-ogg-theora: a1e56fd34408186e4bbccfd4996cb3dc -> 
  custom:container-muxer-webm: aa71ff27fc2769a1b78a27578f13a17b -> 
  custom:container-demuxer-webm: 4f35f7cbe854078d1ac9338744f61a02 -> 
  custom:container-demuxer-ogg: 62fdf1f143b41e24485cea50d1cbac27 -> 
  custom:video-encoder-webm-vp8: eb34c28f22e8b96e1ab97ce403110664 -> 
  custom:framework-osx-AVFoundation: e770b220cccbd017edd2c1fefb359320 -> 
  custom:video-decoder-webm-vp8: 9c59270c3fd7afecdb556c50c9e8de78 -> 
  custom:audio-decoder-ogg-vorbis: bf7c407c2cedff20999df2af8eb42d56 -> 
  custom:audio-encoder-webm-vorbis: bf7c407c2cedff20999df2af8eb42d56 -> 
========================================================================
Received Import Request.
  Time since last request: 9.462283 seconds.
  path: Assets/Scripts/MenuUiHandles.cs
  artifactKey: Guid(7c35b58c2bf134e61bc1bdedbd614a1e) Importer(815301076,1909f56bfc062723c751e8b465ee728b)
Start importing Assets/Scripts/MenuUiHandles.cs using Guid(7c35b58c2bf134e61bc1bdedbd614a1e) Importer(815301076,1909f56bfc062723c751e8b465ee728b)  -> (artifact id: 'da344e6275bb781c74163bddd99835af') in 0.016825 seconds 
  Import took 0.024077 seconds .

========================================================================
Received Prepare
Registering precompiled user dll's ...
Registered in 0.008747 seconds.
Begin MonoManager ReloadAssembly
Native extension for OSXStandalone target not found
Native extension for WebGL target not found
Refreshing native plugins compatible for Editor in 0.38 ms, found 2 plugins.
Preloading 0 native plugins for Editor in 0.00 ms.
Mono: successfully reloaded assembly
- Completed reload, in  1.688 seconds
Domain Reload Profiling:
	ReloadAssembly (1689ms)
		BeginReloadAssembly (213ms)
			ExecutionOrderSort (0ms)
			DisableScriptedObjects (7ms)
			BackupInstance (0ms)
			ReleaseScriptingObjects (0ms)
			CreateAndSetChildDomain (96ms)
		EndReloadAssembly (1350ms)
			LoadAssemblies (139ms)
			RebuildTransferFunctionScriptingTraits (0ms)
			SetupTypeCache (484ms)
			ReleaseScriptCaches (1ms)
			RebuildScriptCaches (69ms)
			SetupLoadedEditorAssemblies (517ms)
				LogAssemblyErrors (0ms)
				InitializePlatformSupportModulesInManaged (8ms)
				SetLoadedEditorAssemblies (1ms)
				RefreshPlugins (0ms)
				BeforeProcessingInitializeOnLoad (96ms)
				ProcessInitializeOnLoadAttributes (403ms)
				ProcessInitializeOnLoadMethodAttributes (5ms)
				AfterProcessingInitializeOnLoad (2ms)
				EditorAssembliesLoaded (1ms)
			ExecutionOrderSort2 (0ms)
			AwakeInstancesAfterBackupRestoration (11ms)
Platform modules already initialized, skipping
Refreshing native plugins compatible for Editor in 0.73 ms, found 2 plugins.
Preloading 0 native plugins for Editor in 0.00 ms.
Unloading 1393 Unused Serialized files (Serialized files now loaded: 0)
System memory in use before: 166.0 MB.
System memory in use after: 166.1 MB.

Unloading 13 unused Assets to reduce memory usage. Loaded Objects now: 1851.
Total: 4.034847 ms (FindLiveObjects: 0.255398 ms CreateObjectMapping: 0.162743 ms MarkObjects: 3.585253 ms  DeleteObjects: 0.021425 ms)

AssetImportParameters requested are different than current active one (requested -> active):
  custom:video-decoder-ogg-theora: a1e56fd34408186e4bbccfd4996cb3dc -> 
  custom:container-muxer-webm: aa71ff27fc2769a1b78a27578f13a17b -> 
  custom:container-demuxer-webm: 4f35f7cbe854078d1ac9338744f61a02 -> 
  custom:container-demuxer-ogg: 62fdf1f143b41e24485cea50d1cbac27 -> 
  custom:video-encoder-webm-vp8: eb34c28f22e8b96e1ab97ce403110664 -> 
  custom:framework-osx-AVFoundation: e770b220cccbd017edd2c1fefb359320 -> 
  custom:video-decoder-webm-vp8: 9c59270c3fd7afecdb556c50c9e8de78 -> 
  custom:audio-decoder-ogg-vorbis: bf7c407c2cedff20999df2af8eb42d56 -> 
  custom:audio-encoder-webm-vorbis: bf7c407c2cedff20999df2af8eb42d56 -> 
========================================================================
Received Import Request.
  Time since last request: 133.342621 seconds.
  path: Assets/Scenes/Menu.unity
  artifactKey: Guid(9fc0d4010bbf28b4594072e72b8655ab) Importer(815301076,1909f56bfc062723c751e8b465ee728b)
Start importing Assets/Scenes/Menu.unity using Guid(9fc0d4010bbf28b4594072e72b8655ab) Importer(815301076,1909f56bfc062723c751e8b465ee728b)  -> (artifact id: 'fe8bfbecb103ad458ac9527ec367a123') in 0.032209 seconds 
  Import took 0.039954 seconds .

========================================================================
Received Prepare
Registering precompiled user dll's ...
Registered in 0.006850 seconds.
Begin MonoManager ReloadAssembly
Native extension for OSXStandalone target not found
Native extension for WebGL target not found
Refreshing native plugins compatible for Editor in 0.38 ms, found 2 plugins.
Preloading 0 native plugins for Editor in 0.00 ms.
Mono: successfully reloaded assembly
- Completed reload, in  1.794 seconds
Domain Reload Profiling:
	ReloadAssembly (1795ms)
		BeginReloadAssembly (236ms)
			ExecutionOrderSort (0ms)
			DisableScriptedObjects (8ms)
			BackupInstance (0ms)
			ReleaseScriptingObjects (0ms)
			CreateAndSetChildDomain (129ms)
		EndReloadAssembly (1429ms)
			LoadAssemblies (134ms)
			RebuildTransferFunctionScriptingTraits (0ms)
			SetupTypeCache (499ms)
			ReleaseScriptCaches (1ms)
			RebuildScriptCaches (74ms)
			SetupLoadedEditorAssemblies (559ms)
				LogAssemblyErrors (0ms)
				InitializePlatformSupportModulesInManaged (8ms)
				SetLoadedEditorAssemblies (1ms)
				RefreshPlugins (0ms)
				BeforeProcessingInitializeOnLoad (104ms)
				ProcessInitializeOnLoadAttributes (439ms)
				ProcessInitializeOnLoadMethodAttributes (5ms)
				AfterProcessingInitializeOnLoad (2ms)
				EditorAssembliesLoaded (0ms)
			ExecutionOrderSort2 (0ms)
			AwakeInstancesAfterBackupRestoration (12ms)
Platform modules already initialized, skipping
Refreshing native plugins compatible for Editor in 1.11 ms, found 2 plugins.
Preloading 0 native plugins for Editor in 0.00 ms.
Unloading 1393 Unused Serialized files (Serialized files now loaded: 0)
System memory in use before: 166.2 MB.
System memory in use after: 166.3 MB.

Unloading 13 unused Assets to reduce memory usage. Loaded Objects now: 1853.
Total: 3.428275 ms (FindLiveObjects: 0.182381 ms CreateObjectMapping: 0.047704 ms MarkObjects: 3.164485 ms  DeleteObjects: 0.032509 ms)

AssetImportParameters requested are different than current active one (requested -> active):
  custom:video-decoder-ogg-theora: a1e56fd34408186e4bbccfd4996cb3dc -> 
  custom:container-muxer-webm: aa71ff27fc2769a1b78a27578f13a17b -> 
  custom:container-demuxer-webm: 4f35f7cbe854078d1ac9338744f61a02 -> 
  custom:container-demuxer-ogg: 62fdf1f143b41e24485cea50d1cbac27 -> 
  custom:video-encoder-webm-vp8: eb34c28f22e8b96e1ab97ce403110664 -> 
  custom:framework-osx-AVFoundation: e770b220cccbd017edd2c1fefb359320 -> 
  custom:video-decoder-webm-vp8: 9c59270c3fd7afecdb556c50c9e8de78 -> 
  custom:audio-decoder-ogg-vorbis: bf7c407c2cedff20999df2af8eb42d56 -> 
  custom:audio-encoder-webm-vorbis: bf7c407c2cedff20999df2af8eb42d56 -> 
========================================================================
Received Import Request.
  Time since last request: 377.107522 seconds.
  path: Assets/Scripts/MenuUiHandles.cs
  artifactKey: Guid(7c35b58c2bf134e61bc1bdedbd614a1e) Importer(815301076,1909f56bfc062723c751e8b465ee728b)
Start importing Assets/Scripts/MenuUiHandles.cs using Guid(7c35b58c2bf134e61bc1bdedbd614a1e) Importer(815301076,1909f56bfc062723c751e8b465ee728b)  -> (artifact id: 'fb42e0248abf311e0655372af5abc021') in 0.022116 seconds 
  Import took 0.032125 seconds .

========================================================================
Received Import Request.
  Time since last request: 467.955208 seconds.
  path: Assets/Scenes/Game.unity
  artifactKey: Guid(dc8c9f3efd746429fa6f9482dc779492) Importer(815301076,1909f56bfc062723c751e8b465ee728b)
Start importing Assets/Scenes/Game.unity using Guid(dc8c9f3efd746429fa6f9482dc779492) Importer(815301076,1909f56bfc062723c751e8b465ee728b)  -> (artifact id: '19563f6bcc7098c73e802b687f09b2c2') in 0.117580 seconds 
  Import took 0.156178 seconds .

========================================================================
Received Prepare
Registering precompiled user dll's ...
Registered in 0.009508 seconds.
Begin MonoManager ReloadAssembly
Native extension for OSXStandalone target not found
Native extension for WebGL target not found
Refreshing native plugins compatible for Editor in 0.42 ms, found 2 plugins.
Preloading 0 native plugins for Editor in 0.00 ms.
Mono: successfully reloaded assembly
- Completed reload, in  2.128 seconds
Domain Reload Profiling:
	ReloadAssembly (2130ms)
		BeginReloadAssembly (425ms)
			ExecutionOrderSort (0ms)
			DisableScriptedObjects (13ms)
			BackupInstance (0ms)
			ReleaseScriptingObjects (0ms)
			CreateAndSetChildDomain (196ms)
		EndReloadAssembly (1577ms)
			LoadAssemblies (257ms)
			RebuildTransferFunctionScriptingTraits (0ms)
			SetupTypeCache (617ms)
			ReleaseScriptCaches (1ms)
			RebuildScriptCaches (69ms)
			SetupLoadedEditorAssemblies (549ms)
				LogAssemblyErrors (0ms)
				InitializePlatformSupportModulesInManaged (9ms)
				SetLoadedEditorAssemblies (1ms)
				RefreshPlugins (0ms)
				BeforeProcessingInitializeOnLoad (96ms)
				ProcessInitializeOnLoadAttributes (435ms)
				ProcessInitializeOnLoadMethodAttributes (5ms)
				AfterProcessingInitializeOnLoad (2ms)
				EditorAssembliesLoaded (0ms)
			ExecutionOrderSort2 (0ms)
			AwakeInstancesAfterBackupRestoration (13ms)
Platform modules already initialized, skipping
Refreshing native plugins compatible for Editor in 0.65 ms, found 2 plugins.
Preloading 0 native plugins for Editor in 0.00 ms.
Unloading 1393 Unused Serialized files (Serialized files now loaded: 0)
System memory in use before: 166.7 MB.
System memory in use after: 166.8 MB.

Unloading 13 unused Assets to reduce memory usage. Loaded Objects now: 1855.
Total: 4.244394 ms (FindLiveObjects: 0.273691 ms CreateObjectMapping: 0.049033 ms MarkObjects: 3.877461 ms  DeleteObjects: 0.042928 ms)

AssetImportParameters requested are different than current active one (requested -> active):
  custom:video-decoder-ogg-theora: a1e56fd34408186e4bbccfd4996cb3dc -> 
  custom:container-muxer-webm: aa71ff27fc2769a1b78a27578f13a17b -> 
  custom:container-demuxer-webm: 4f35f7cbe854078d1ac9338744f61a02 -> 
  custom:container-demuxer-ogg: 62fdf1f143b41e24485cea50d1cbac27 -> 
  custom:video-encoder-webm-vp8: eb34c28f22e8b96e1ab97ce403110664 -> 
  custom:framework-osx-AVFoundation: e770b220cccbd017edd2c1fefb359320 -> 
  custom:video-decoder-webm-vp8: 9c59270c3fd7afecdb556c50c9e8de78 -> 
  custom:audio-decoder-ogg-vorbis: bf7c407c2cedff20999df2af8eb42d56 -> 
  custom:audio-encoder-webm-vorbis: bf7c407c2cedff20999df2af8eb42d56 -> 
========================================================================
Received Prepare
Registering precompiled user dll's ...
Registered in 0.006511 seconds.
Begin MonoManager ReloadAssembly
Native extension for OSXStandalone target not found
Native extension for WebGL target not found
Refreshing native plugins compatible for Editor in 0.49 ms, found 2 plugins.
Preloading 0 native plugins for Editor in 0.00 ms.
Mono: successfully reloaded assembly
- Completed reload, in  1.910 seconds
Domain Reload Profiling:
	ReloadAssembly (1911ms)
		BeginReloadAssembly (227ms)
			ExecutionOrderSort (0ms)
			DisableScriptedObjects (9ms)
			BackupInstance (0ms)
			ReleaseScriptingObjects (0ms)
			CreateAndSetChildDomain (109ms)
		EndReloadAssembly (1556ms)
			LoadAssemblies (158ms)
			RebuildTransferFunctionScriptingTraits (0ms)
			SetupTypeCache (545ms)
			ReleaseScriptCaches (1ms)
			RebuildScriptCaches (83ms)
			SetupLoadedEditorAssemblies (600ms)
				LogAssemblyErrors (0ms)
				InitializePlatformSupportModulesInManaged (9ms)
				SetLoadedEditorAssemblies (1ms)
				RefreshPlugins (1ms)
				BeforeProcessingInitializeOnLoad (105ms)
				ProcessInitializeOnLoadAttributes (476ms)
				ProcessInitializeOnLoadMethodAttributes (6ms)
				AfterProcessingInitializeOnLoad (2ms)
				EditorAssembliesLoaded (0ms)
			ExecutionOrderSort2 (0ms)
			AwakeInstancesAfterBackupRestoration (12ms)
Platform modules already initialized, skipping
Refreshing native plugins compatible for Editor in 0.51 ms, found 2 plugins.
Preloading 0 native plugins for Editor in 0.00 ms.
Unloading 1393 Unused Serialized files (Serialized files now loaded: 0)
System memory in use before: 166.8 MB.
System memory in use after: 166.9 MB.

Unloading 13 unused Assets to reduce memory usage. Loaded Objects now: 1857.
Total: 4.110586 ms (FindLiveObjects: 0.250433 ms CreateObjectMapping: 0.102283 ms MarkObjects: 3.732352 ms  DeleteObjects: 0.024016 ms)

AssetImportParameters requested are different than current active one (requested -> active):
  custom:video-decoder-ogg-theora: a1e56fd34408186e4bbccfd4996cb3dc -> 
  custom:container-muxer-webm: aa71ff27fc2769a1b78a27578f13a17b -> 
  custom:container-demuxer-webm: 4f35f7cbe854078d1ac9338744f61a02 -> 
  custom:container-demuxer-ogg: 62fdf1f143b41e24485cea50d1cbac27 -> 
  custom:video-encoder-webm-vp8: eb34c28f22e8b96e1ab97ce403110664 -> 
  custom:framework-osx-AVFoundation: e770b220cccbd017edd2c1fefb359320 -> 
  custom:video-decoder-webm-vp8: 9c59270c3fd7afecdb556c50c9e8de78 -> 
  custom:audio-decoder-ogg-vorbis: bf7c407c2cedff20999df2af8eb42d56 -> 
  custom:audio-encoder-webm-vorbis: bf7c407c2cedff20999df2af8eb42d56 -> 
========================================================================
Received Prepare
Registering precompiled user dll's ...
Registered in 0.006504 seconds.
Begin MonoManager ReloadAssembly
Native extension for OSXStandalone target not found
Native extension for WebGL target not found
Refreshing native plugins compatible for Editor in 0.93 ms, found 2 plugins.
Preloading 0 native plugins for Editor in 0.00 ms.
Mono: successfully reloaded assembly
- Completed reload, in  1.981 seconds
Domain Reload Profiling:
	ReloadAssembly (1982ms)
		BeginReloadAssembly (313ms)
			ExecutionOrderSort (0ms)
			DisableScriptedObjects (7ms)
			BackupInstance (0ms)
			ReleaseScriptingObjects (0ms)
			CreateAndSetChildDomain (168ms)
		EndReloadAssembly (1530ms)
			LoadAssemblies (208ms)
			RebuildTransferFunctionScriptingTraits (0ms)
			SetupTypeCache (460ms)
			ReleaseScriptCaches (1ms)
			RebuildScriptCaches (86ms)
			SetupLoadedEditorAssemblies (601ms)
				LogAssemblyErrors (0ms)
				InitializePlatformSupportModulesInManaged (16ms)
				SetLoadedEditorAssemblies (1ms)
				RefreshPlugins (1ms)
				BeforeProcessingInitializeOnLoad (130ms)
				ProcessInitializeOnLoadAttributes (446ms)
				ProcessInitializeOnLoadMethodAttributes (5ms)
				AfterProcessingInitializeOnLoad (2ms)
				EditorAssembliesLoaded (0ms)
			ExecutionOrderSort2 (0ms)
			AwakeInstancesAfterBackupRestoration (10ms)
Platform modules already initialized, skipping
Refreshing native plugins compatible for Editor in 0.61 ms, found 2 plugins.
Preloading 0 native plugins for Editor in 0.00 ms.
Unloading 1393 Unused Serialized files (Serialized files now loaded: 0)
System memory in use before: 167.0 MB.
System memory in use after: 167.1 MB.

Unloading 13 unused Assets to reduce memory usage. Loaded Objects now: 1859.
Total: 4.172100 ms (FindLiveObjects: 0.327133 ms CreateObjectMapping: 0.050657 ms MarkObjects: 3.768922 ms  DeleteObjects: 0.024039 ms)

AssetImportParameters requested are different than current active one (requested -> active):
  custom:video-decoder-ogg-theora: a1e56fd34408186e4bbccfd4996cb3dc -> 
  custom:container-muxer-webm: aa71ff27fc2769a1b78a27578f13a17b -> 
  custom:container-demuxer-webm: 4f35f7cbe854078d1ac9338744f61a02 -> 
  custom:container-demuxer-ogg: 62fdf1f143b41e24485cea50d1cbac27 -> 
  custom:video-encoder-webm-vp8: eb34c28f22e8b96e1ab97ce403110664 -> 
  custom:framework-osx-AVFoundation: e770b220cccbd017edd2c1fefb359320 -> 
  custom:video-decoder-webm-vp8: 9c59270c3fd7afecdb556c50c9e8de78 -> 
  custom:audio-decoder-ogg-vorbis: bf7c407c2cedff20999df2af8eb42d56 -> 
  custom:audio-encoder-webm-vorbis: bf7c407c2cedff20999df2af8eb42d56 -> 
========================================================================
Received Import Request.
  Time since last request: 192.671804 seconds.
  path: Assets/Course Library/_Source_Files/FBX/Animations.fbx
  artifactKey: Guid(d55a3dafe23105e409ee70d6605cbd49) Importer(815301076,1909f56bfc062723c751e8b465ee728b)
Start importing Assets/Course Library/_Source_Files/FBX/Animations.fbx using Guid(d55a3dafe23105e409ee70d6605cbd49) Importer(815301076,1909f56bfc062723c751e8b465ee728b)  -> (artifact id: '25aaff25661a1f5dacf4244171800f33') in 0.734401 seconds 
  Import took 0.741293 seconds .

========================================================================
Received Prepare
Registering precompiled user dll's ...
Registered in 0.012926 seconds.
Begin MonoManager ReloadAssembly
Native extension for OSXStandalone target not found
Native extension for WebGL target not found
Refreshing native plugins compatible for Editor in 0.71 ms, found 2 plugins.
Preloading 0 native plugins for Editor in 0.00 ms.
Mono: successfully reloaded assembly
- Completed reload, in  2.337 seconds
Domain Reload Profiling:
	ReloadAssembly (2338ms)
		BeginReloadAssembly (240ms)
			ExecutionOrderSort (0ms)
			DisableScriptedObjects (11ms)
			BackupInstance (0ms)
			ReleaseScriptingObjects (0ms)
			CreateAndSetChildDomain (106ms)
		EndReloadAssembly (1916ms)
			LoadAssemblies (217ms)
			RebuildTransferFunctionScriptingTraits (0ms)
			SetupTypeCache (621ms)
			ReleaseScriptCaches (1ms)
			RebuildScriptCaches (104ms)
			SetupLoadedEditorAssemblies (757ms)
				LogAssemblyErrors (0ms)
				InitializePlatformSupportModulesInManaged (14ms)
				SetLoadedEditorAssemblies (1ms)
				RefreshPlugins (1ms)
				BeforeProcessingInitializeOnLoad (128ms)
				ProcessInitializeOnLoadAttributes (598ms)
				ProcessInitializeOnLoadMethodAttributes (11ms)
				AfterProcessingInitializeOnLoad (3ms)
				EditorAssembliesLoaded (0ms)
			ExecutionOrderSort2 (0ms)
			AwakeInstancesAfterBackupRestoration (16ms)
Platform modules already initialized, skipping
Refreshing native plugins compatible for Editor in 0.44 ms, found 2 plugins.
Preloading 0 native plugins for Editor in 0.00 ms.
Unloading 1393 Unused Serialized files (Serialized files now loaded: 0)
System memory in use before: 171.4 MB.
System memory in use after: 171.5 MB.

Unloading 13 unused Assets to reduce memory usage. Loaded Objects now: 1861.
Total: 3.702608 ms (FindLiveObjects: 0.252029 ms CreateObjectMapping: 0.056066 ms MarkObjects: 3.370782 ms  DeleteObjects: 0.022287 ms)

AssetImportParameters requested are different than current active one (requested -> active):
  custom:video-decoder-ogg-theora: a1e56fd34408186e4bbccfd4996cb3dc -> 
  custom:container-muxer-webm: aa71ff27fc2769a1b78a27578f13a17b -> 
  custom:container-demuxer-webm: 4f35f7cbe854078d1ac9338744f61a02 -> 
  custom:container-demuxer-ogg: 62fdf1f143b41e24485cea50d1cbac27 -> 
  custom:video-encoder-webm-vp8: eb34c28f22e8b96e1ab97ce403110664 -> 
  custom:framework-osx-AVFoundation: e770b220cccbd017edd2c1fefb359320 -> 
  custom:video-decoder-webm-vp8: 9c59270c3fd7afecdb556c50c9e8de78 -> 
  custom:audio-decoder-ogg-vorbis: bf7c407c2cedff20999df2af8eb42d56 -> 
  custom:audio-encoder-webm-vorbis: bf7c407c2cedff20999df2af8eb42d56 -> 
